[debug] [2024-02-16T16:09:51.984Z] ----------------------------------------------------------------------
[debug] [2024-02-16T16:09:51.987Z] Command:       /usr/bin/node /usr/bin/firebase init
[debug] [2024-02-16T16:09:51.988Z] CLI Version:   13.3.0
[debug] [2024-02-16T16:09:51.988Z] Platform:      linux
[debug] [2024-02-16T16:09:51.988Z] Node Version:  v20.9.0
[debug] [2024-02-16T16:09:51.988Z] Time:          Fri Feb 16 2024 17:09:51 GMT+0100 (hora estándar de Europa central)
[debug] [2024-02-16T16:09:51.989Z] ----------------------------------------------------------------------
[debug] 
[debug] [2024-02-16T16:09:51.995Z] > command requires scopes: ["email","openid","https://www.googleapis.com/auth/cloudplatformprojects.readonly","https://www.googleapis.com/auth/firebase","https://www.googleapis.com/auth/cloud-platform"]
[debug] [2024-02-16T16:09:51.995Z] > authorizing via signed-in user (jamunoz@iesincagarcilaso.com)
[info] 
     ######## #### ########  ######## ########     ###     ######  ########
     ##        ##  ##     ## ##       ##     ##  ##   ##  ##       ##
     ######    ##  ########  ######   ########  #########  ######  ######
     ##        ##  ##    ##  ##       ##     ## ##     ##       ## ##
     ##       #### ##     ## ######## ########  ##     ##  ######  ########

You're about to initialize a Firebase project in this directory:

  /home/jose/Proyectos/react-firebase-course

[info] 
=== Project Setup
[info] 
[info] First, let's associate this project directory with a Firebase project.
[info] You can create multiple project aliases by running firebase use --add, 
[info] but for now we'll just set up a default project.
[info] 
[debug] [2024-02-16T17:12:29.330Z] > refreshing access token with scopes: []
[debug] [2024-02-16T17:12:29.334Z] >>> [apiv2][query] POST https://www.googleapis.com/oauth2/v3/token [none]
[debug] [2024-02-16T17:12:29.334Z] >>> [apiv2][body] POST https://www.googleapis.com/oauth2/v3/token [omitted]
[debug] [2024-02-16T17:12:29.708Z] <<< [apiv2][status] POST https://www.googleapis.com/oauth2/v3/token 200
[debug] [2024-02-16T17:12:29.708Z] <<< [apiv2][body] POST https://www.googleapis.com/oauth2/v3/token [omitted]
[debug] [2024-02-16T17:12:29.725Z] >>> [apiv2][query] GET https://firebase.googleapis.com/v1beta1/projects pageSize=100
[debug] [2024-02-16T17:12:30.584Z] <<< [apiv2][status] GET https://firebase.googleapis.com/v1beta1/projects 200
[debug] [2024-02-16T17:12:30.584Z] <<< [apiv2][body] GET https://firebase.googleapis.com/v1beta1/projects [omitted]
[info] i  Using project proyecto-f21b6 (proyecto) 
[info] 
=== Hosting Setup
[debug] [2024-02-16T17:12:33.275Z] >>> [apiv2][query] GET https://firebase.googleapis.com/v1beta1/projects/proyecto-f21b6 [none]
[debug] [2024-02-16T17:12:33.482Z] <<< [apiv2][status] GET https://firebase.googleapis.com/v1beta1/projects/proyecto-f21b6 200
[debug] [2024-02-16T17:12:33.483Z] <<< [apiv2][body] GET https://firebase.googleapis.com/v1beta1/projects/proyecto-f21b6 {"projectId":"proyecto-f21b6","projectNumber":"142019119422","displayName":"proyecto","name":"projects/proyecto-f21b6","resources":{"hostingSite":"proyecto-f21b6","storageBucket":"proyecto-f21b6.appspot.com","locationId":"europe-west"},"state":"ACTIVE","etag":"1_67764be8-fe98-4264-904e-745344ef66d5"}
[info] 
[info] Your public directory is the folder (relative to your project directory) that
[info] will contain Hosting assets to be uploaded with firebase deploy. If you
[info] have a build process for your assets, use your build's output directory.
[info] 
[info] i  Skipping write of public/404.html 
[debug] [2024-02-16T17:12:58.817Z] >>> [apiv2][query] GET https://www.gstatic.com/firebasejs/releases.json [none]
[debug] [2024-02-16T17:12:59.189Z] <<< [apiv2][status] GET https://www.gstatic.com/firebasejs/releases.json 200
[debug] [2024-02-16T17:12:59.189Z] <<< [apiv2][body] GET https://www.gstatic.com/firebasejs/releases.json {"current":{"version":"10.8.0","browserURL":"https://www.gstatic.com/firebasejs/10.8.0/firebase.js","packageURL":"https://www.gstatic.com/firebasejs/10.8.0/firebase.tgz"},"live":{"version":"10.8","browserURL":"https://www.gstatic.com/firebasejs/live/10.8/firebase.js","packageURL":"https://www.gstatic.com/firebasejs/live/10.8/firebase.tgz"},"components":{"analytics":"https://www.gstatic.com/firebasejs/10.8.0/firebase-analytics.js","app":"https://www.gstatic.com/firebasejs/10.8.0/firebase-app.js","app-check":"https://www.gstatic.com/firebasejs/10.8.0/firebase-app-check.js","auth":"https://www.gstatic.com/firebasejs/10.8.0/firebase-auth.js","auth/cordova":"https://www.gstatic.com/firebasejs/10.8.0/firebase-auth/cordova.js","auth/web-extension":"https://www.gstatic.com/firebasejs/10.8.0/firebase-auth/web-extension.js","functions":"https://www.gstatic.com/firebasejs/10.8.0/firebase-functions.js","firestore":"https://www.gstatic.com/firebasejs/10.8.0/firebase-firestore.js","firestore/lite":"https://www.gstatic.com/firebasejs/10.8.0/firebase-firestore/lite.js","installations":"https://www.gstatic.com/firebasejs/10.8.0/firebase-installations.js","storage":"https://www.gstatic.com/firebasejs/10.8.0/firebase-storage.js","performance":"https://www.gstatic.com/firebasejs/10.8.0/firebase-performance.js","remote-config":"https://www.gstatic.com/firebasejs/10.8.0/firebase-remote-config.js","messaging":"https://www.gstatic.com/firebasejs/10.8.0/firebase-messaging.js","messaging/sw":"https://www.gstatic.com/firebasejs/10.8.0/firebase-messaging/sw.js","database":"https://www.gstatic.com/firebasejs/10.8.0/firebase-database.js","firestore.memory":"https://www.gstatic.com/firebasejs/10.8.0/firebase-firestore.memory.js"}}
[info] i  Skipping write of public/index.html 
[info] 
[info] i  Detected a .git folder at /home/jose/Proyectos/react-firebase-course 
[info] i  Authorizing with GitHub to upload your service account to a GitHub repository's secrets store. 
[info] 
[info] Visit this URL on this device to log in:
[info] https://github.com/login/oauth/authorize?client_id=89cf50f02ac6aaed3484&state=911746392&redirect_uri=http%3A%2F%2Flocalhost%3A9005&scope=read%3Auser%20repo%20public_repo
[info] 
[info] Waiting for authentication...
